0 info it worked if it ends with ok
1 verbose cli [ 'C:\\Program Files\\nodejs\\node.exe',
1 verbose cli   'C:\\Program Files\\nodejs\\node_modules\\npm\\bin\\npm-cli.js',
1 verbose cli   'run',
1 verbose cli   'lint' ]
2 info using npm@3.9.5
3 info using node@v6.2.2
4 verbose run-script [ 'prelint', 'lint', 'postlint' ]
5 info lifecycle viur-ignite-js@1.0.3~prelint: viur-ignite-js@1.0.3
6 silly lifecycle viur-ignite-js@1.0.3~prelint: no script for prelint, continuing
7 info lifecycle viur-ignite-js@1.0.3~lint: viur-ignite-js@1.0.3
8 verbose lifecycle viur-ignite-js@1.0.3~lint: unsafe-perm in lifecycle true
9 verbose lifecycle viur-ignite-js@1.0.3~lint: PATH: C:\Program Files\nodejs\node_modules\npm\bin\node-gyp-bin;D:\Entwicklung\mausbrand\viur-ignite\viur-ignite-js\node_modules\.bin;C:\Program Files\nodejs;C:\Users\Sven Eberth\bin;C:\Program Files (x86)\Git\mingw64\bin;C:\Program Files (x86)\Git\usr\local\bin;C:\Program Files (x86)\Git\usr\bin;C:\Program Files (x86)\Git\usr\bin;C:\Program Files (x86)\Git\mingw64\bin;C:\Program Files (x86)\Git\usr\bin;C:\Users\Sven Eberth\bin;C:\Python27;C:\Python27\Scripts;C:\ProgramData\Oracle\Java\javapath;C:\Program Files (x86)\Intel\iCLS Client;C:\Program Files\Intel\iCLS Client;C:\Windows\system32;C:\Windows;C:\Windows\System32\Wbem;C:\Windows\System32\WindowsPowerShell\v1.0;C:\Program Files\Intel\Intel(R) Management Engine Components\DAL;C:\Program Files\Intel\Intel(R) Management Engine Components\IPT;C:\Program Files (x86)\GNU\GnuPG\pub;C:\Program Files (x86)\Skype\Phone;C:\Program Files (x86)\QuickTime\QTSystem;C:\xampp\php;C:\ProgramData\ComposerSetup\bin;C:\Program Files\nodejs;C:\Program Files (x86)\Git\usr\bin;C:\Program Files (x86)\Git\cmd;C:\;C:\Users\Sven Eberth\AppData\Roaming\Composer\vendor\bin;C:\Users\Sven Eberth\AppData\Roaming\npm;C:\Program Files (x86)\Google\google_appengine;C:\Program Files (x86)\Git\usr\bin\vendor_perl;C:\Program Files (x86)\Git\usr\bin\core_perl
10 verbose lifecycle viur-ignite-js@1.0.3~lint: CWD: D:\Entwicklung\mausbrand\viur-ignite\viur-ignite-js
11 silly lifecycle viur-ignite-js@1.0.3~lint: Args: [ '/d /s /c', 'xo' ]
12 silly lifecycle viur-ignite-js@1.0.3~lint: Returned: code: 1  signal: null
13 info lifecycle viur-ignite-js@1.0.3~lint: Failed to exec lint script
14 verbose stack Error: viur-ignite-js@1.0.3 lint: `xo`
14 verbose stack Exit status 1
14 verbose stack     at EventEmitter.<anonymous> (C:\Program Files\nodejs\node_modules\npm\lib\utils\lifecycle.js:245:16)
14 verbose stack     at emitTwo (events.js:106:13)
14 verbose stack     at EventEmitter.emit (events.js:191:7)
14 verbose stack     at ChildProcess.<anonymous> (C:\Program Files\nodejs\node_modules\npm\lib\utils\spawn.js:24:14)
14 verbose stack     at emitTwo (events.js:106:13)
14 verbose stack     at ChildProcess.emit (events.js:191:7)
14 verbose stack     at maybeClose (internal/child_process.js:852:16)
14 verbose stack     at Process.ChildProcess._handle.onexit (internal/child_process.js:215:5)
15 verbose pkgid viur-ignite-js@1.0.3
16 verbose cwd D:\Entwicklung\mausbrand\viur-ignite\viur-ignite-js
17 error Windows_NT 10.0.10586
18 error argv "C:\\Program Files\\nodejs\\node.exe" "C:\\Program Files\\nodejs\\node_modules\\npm\\bin\\npm-cli.js" "run" "lint"
19 error node v6.2.2
20 error npm  v3.9.5
21 error code ELIFECYCLE
22 error viur-ignite-js@1.0.3 lint: `xo`
22 error Exit status 1
23 error Failed at the viur-ignite-js@1.0.3 lint script 'xo'.
23 error Make sure you have the latest version of node.js and npm installed.
23 error If you do, this is most likely a problem with the viur-ignite-js package,
23 error not with npm itself.
23 error Tell the author that this fails on your system:
23 error     xo
23 error You can get information on how to open an issue for this project with:
23 error     npm bugs viur-ignite-js
23 error Or if that isn't available, you can get their info via:
23 error     npm owner ls viur-ignite-js
23 error There is likely additional logging output above.
24 verbose exit [ 1, true ]
